c:\users\14109\desktop\working on this\graphics2\work on this one\gdp2017-18-master2\gdp_feeney_201718\x64\debug\vc141.pdb
c:\users\14109\desktop\working on this\graphics2\work on this one\gdp2017-18-master2\gdp_feeney_201718\x64\debug\vc141.idb
c:\users\14109\desktop\working on this\graphics2\work on this one\gdp2017-18-master2\gdp_feeney_201718\x64\debug\cpersistimpsqlitegdpadapter.obj
c:\users\14109\desktop\working on this\graphics2\work on this one\gdp2017-18-master2\gdp_feeney_201718\x64\debug\aabb_triangles.obj
c:\users\14109\desktop\working on this\graphics2\work on this one\gdp2017-18-master2\gdp_feeney_201718\x64\debug\caabbbroadphase.obj
c:\users\14109\desktop\working on this\graphics2\work on this one\gdp2017-18-master2\gdp_feeney_201718\x64\debug\caabbv2.obj
c:\users\14109\desktop\working on this\graphics2\work on this one\gdp2017-18-master2\gdp_feeney_201718\x64\debug\cphysicalproperties.obj
c:\users\14109\desktop\working on this\graphics2\work on this one\gdp2017-18-master2\gdp_feeney_201718\x64\debug\cphysicsworld.obj
c:\users\14109\desktop\working on this\graphics2\work on this one\gdp2017-18-master2\gdp_feeney_201718\x64\debug\cplyfile5nt.obj
c:\users\14109\desktop\working on this\graphics2\work on this one\gdp2017-18-master2\gdp_feeney_201718\x64\debug\cplyfile5nt_experimental.obj
c:\users\14109\desktop\working on this\graphics2\work on this one\gdp2017-18-master2\gdp_feeney_201718\x64\debug\cvector3f.obj
c:\users\14109\desktop\working on this\graphics2\work on this one\gdp2017-18-master2\gdp_feeney_201718\x64\debug\render_calls.obj
c:\users\14109\desktop\working on this\graphics2\work on this one\gdp2017-18-master2\gdp_feeney_201718\x64\debug\sceneloader.obj
c:\users\14109\desktop\working on this\graphics2\work on this one\gdp2017-18-master2\gdp_feeney_201718\x64\debug\smeshdrawinfo.obj
c:\users\14109\desktop\working on this\graphics2\work on this one\gdp2017-18-master2\gdp_feeney_201718\x64\debug\c24bitbmppixel.obj
c:\users\14109\desktop\working on this\graphics2\work on this one\gdp2017-18-master2\gdp_feeney_201718\x64\debug\ctexturefrombmp.obj
c:\users\14109\desktop\working on this\graphics2\work on this one\gdp2017-18-master2\gdp_feeney_201718\x64\debug\ctexturemanager.obj
c:\users\14109\desktop\working on this\graphics2\work on this one\gdp2017-18-master2\gdp_feeney_201718\x64\debug\themain.obj
c:\users\14109\desktop\working on this\graphics2\work on this one\gdp2017-18-master2\gdp_feeney_201718\x64\debug\utilities.obj
c:\users\14109\desktop\working on this\graphics2\work on this one\gdp2017-18-master2\gdp_feeney_201718\x64\debug\cmathhelper.obj
c:\users\14109\desktop\working on this\graphics2\work on this one\gdp2017-18-master2\gdp_feeney_201718\x64\debug\cstringhelper.obj
c:\users\14109\desktop\working on this\graphics2\work on this one\gdp2017-18-master2\gdp_feeney_201718\x64\debug\cstringutils.obj
c:\users\14109\desktop\working on this\graphics2\work on this one\gdp2017-18-master2\gdp_feeney_201718\x64\debug\cgameobject.obj
c:\users\14109\desktop\working on this\graphics2\work on this one\gdp2017-18-master2\gdp_feeney_201718\x64\debug\chrtimer.obj
c:\users\14109\desktop\working on this\graphics2\work on this one\gdp2017-18-master2\gdp_feeney_201718\x64\debug\clightmanager.obj
c:\users\14109\desktop\working on this\graphics2\work on this one\gdp2017-18-master2\gdp_feeney_201718\x64\debug\cmesh.obj
c:\users\14109\desktop\working on this\graphics2\work on this one\gdp2017-18-master2\gdp_feeney_201718\x64\debug\cmodelassetloader.obj
c:\users\14109\desktop\working on this\graphics2\work on this one\gdp2017-18-master2\gdp_feeney_201718\x64\debug\cshader.obj
c:\users\14109\desktop\working on this\graphics2\work on this one\gdp2017-18-master2\gdp_feeney_201718\x64\debug\cshadermanager.obj
c:\users\14109\desktop\working on this\graphics2\work on this one\gdp2017-18-master2\gdp_feeney_201718\x64\debug\ctriangle.obj
c:\users\14109\desktop\working on this\graphics2\work on this one\gdp2017-18-master2\gdp_feeney_201718\x64\debug\cvaomeshmanager.obj
c:\users\14109\desktop\working on this\graphics2\work on this one\gdp2017-18-master2\gdp_feeney_201718\x64\debug\cerrorlog.obj
c:\users\14109\desktop\working on this\graphics2\work on this one\gdp2017-18-master2\gdp_feeney_201718\x64\debug\copenglerror.obj
c:\users\14109\desktop\working on this\graphics2\work on this one\gdp2017-18-master2\gdp_feeney_201718\x64\debug\glfw_keyboardcallback.obj
c:\users\14109\desktop\working on this\graphics2\work on this one\gdp2017-18-master2\gdp_feeney_201718\x64\debug\cluabrain.obj
c:\users\14109\desktop\working on this\graphics2\work on this one\gdp2017-18-master2\gdp_feeney_201718\x64\debug\modelutilities.obj
c:\users\14109\desktop\working on this\graphics2\work on this one\gdp2017-18-master2\gdp_feeney_201718\x64\debug\cnvpair.obj
c:\users\14109\desktop\working on this\graphics2\work on this one\gdp2017-18-master2\gdp_feeney_201718\x64\debug\cpersist.obj
c:\users\14109\desktop\working on this\graphics2\work on this one\gdp2017-18-master2\gdp_feeney_201718\x64\debug\cpersistimpfactory.obj
c:\users\14109\desktop\working on this\graphics2\work on this one\gdp2017-18-master2\gdp_feeney_201718\x64\debug\cpersistimprnrjson.obj
c:\users\14109\desktop\working on this\graphics2\work on this one\gdp2017-18-master2\gdp_feeney_201718\x64\debug\rnrxml.obj
c:\users\14109\desktop\working on this\graphics2\work on this one\gdp2017-18-master2\gdp_feeney_201718\x64\debug\wrnrxml.obj
c:\users\14109\desktop\working on this\graphics2\work on this one\gdp2017-18-master2\gdp_feeney_201718\x64\debug\cassimpbasic.obj
c:\users\14109\desktop\working on this\graphics2\work on this one\gdp2017-18-master2\gdp_feeney_201718\x64\debug\cassimpbasic_imp.obj
c:\users\14109\desktop\working on this\graphics2\work on this one\gdp2017-18-master2\gdp_feeney_201718\x64\debug\csimpleassimpskinnedmeshloader_onemesh.obj
c:\users\14109\desktop\working on this\graphics2\work on this one\gdp2017-18-master2\gdp_feeney_201718\x64\debug\canimationstate.obj
c:\users\14109\desktop\working on this\graphics2\work on this one\gdp2017-18-master2\gdp_feeney_201718\x64\debug\ccamera.obj
c:\users\14109\desktop\working on this\graphics2\work on this one\gdp2017-18-master2\gdp_feeney_201718\x64\debug\ccamera_flylookat.obj
c:\users\14109\desktop\working on this\graphics2\work on this one\gdp2017-18-master2\gdp_feeney_201718\x64\debug\ccamera_follow.obj
c:\users\14109\desktop\working on this\graphics2\work on this one\gdp2017-18-master2\gdp_feeney_201718\x64\debug\ccamera_manual.obj
c:\users\14109\desktop\working on this\graphics2\work on this one\gdp2017-18-master2\gdp_feeney_201718\x64\debug\cdalek.obj
c:\users\14109\desktop\working on this\graphics2\work on this one\gdp2017-18-master2\gdp_feeney_201718\x64\debug\dalekthreadedcommon.obj
c:\users\14109\desktop\working on this\graphics2\work on this one\gdp2017-18-master2\gdp_feeney_201718\x64\debug\dalek_threaded_01.obj
c:\users\14109\desktop\working on this\graphics2\work on this one\gdp2017-18-master2\gdp_feeney_201718\x64\debug\cdebugrenderer.obj
c:\users\14109\desktop\working on this\graphics2\work on this one\gdp2017-18-master2\gdp_feeney_201718\x64\debug\cdebugrenderer_builtinshapes.obj
c:\users\14109\desktop\working on this\graphics2\work on this one\gdp2017-18-master2\gdp_feeney_201718\x64\debug\cfbo.obj
c:\users\14109\desktop\working on this\graphics2\work on this one\gdp2017-18-master2\gdp_feeney_201718\x64\debug\glad.obj
c:\users\14109\desktop\working on this\graphics2\work on this one\gdp2017-18-master2\x64\debug\gdp_feeney_201718.lib
c:\users\14109\desktop\working on this\graphics2\work on this one\gdp2017-18-master2\x64\debug\gdp_feeney_201718.exp
c:\users\14109\desktop\working on this\graphics2\work on this one\gdp2017-18-master2\x64\debug\gdp_feeney_201718.exe
c:\users\14109\desktop\working on this\graphics2\work on this one\gdp2017-18-master2\x64\debug\gdp_feeney_201718.ilk
c:\users\14109\desktop\working on this\graphics2\work on this one\gdp2017-18-master2\x64\debug\gdp_feeney_201718.pdb
c:\users\14109\desktop\working on this\graphics2\work on this one\gdp2017-18-master2\gdp_feeney_201718\x64\debug\gdp_feen.de09acaf.tlog\cl.command.1.tlog
c:\users\14109\desktop\working on this\graphics2\work on this one\gdp2017-18-master2\gdp_feeney_201718\x64\debug\gdp_feen.de09acaf.tlog\cl.read.1.tlog
c:\users\14109\desktop\working on this\graphics2\work on this one\gdp2017-18-master2\gdp_feeney_201718\x64\debug\gdp_feen.de09acaf.tlog\cl.write.1.tlog
c:\users\14109\desktop\working on this\graphics2\work on this one\gdp2017-18-master2\gdp_feeney_201718\x64\debug\gdp_feen.de09acaf.tlog\gdp_feeney_201718.write.1u.tlog
c:\users\14109\desktop\working on this\graphics2\work on this one\gdp2017-18-master2\gdp_feeney_201718\x64\debug\gdp_feen.de09acaf.tlog\link.command.1.tlog
c:\users\14109\desktop\working on this\graphics2\work on this one\gdp2017-18-master2\gdp_feeney_201718\x64\debug\gdp_feen.de09acaf.tlog\link.delete.1.tlog
c:\users\14109\desktop\working on this\graphics2\work on this one\gdp2017-18-master2\gdp_feeney_201718\x64\debug\gdp_feen.de09acaf.tlog\link.read.1.tlog
c:\users\14109\desktop\working on this\graphics2\work on this one\gdp2017-18-master2\gdp_feeney_201718\x64\debug\gdp_feen.de09acaf.tlog\link.write.1.tlog
